[Info  - 3:41:27 PM] Using tsserver from: /usr/share/code/resources/app/extensions/node_modules/typescript/lib
[Info  - 3:41:27 PM] Forking TSServer
[Info  - 3:41:28 PM] Started TSServer
[Error  - 4:23:36 PM] 'signatureHelp' request failed with error.
Error processing request. Cannot read property 'pos' of undefined
TypeError: Cannot read property 'pos' of undefined
    at Object.rangeContainsRange (/usr/share/code/resources/app/extensions/node_modules/typescript/lib/tsserver.js:92876:41)
    at _loop_6 (/usr/share/code/resources/app/extensions/node_modules/typescript/lib/tsserver.js:103739:36)
    at getContainingArgumentInfo (/usr/share/code/resources/app/extensions/node_modules/typescript/lib/tsserver.js:103746:31)
    at Object.getSignatureHelpItems (/usr/share/code/resources/app/extensions/node_modules/typescript/lib/tsserver.js:103361:32)
    at Object.getSignatureHelpItems (/usr/share/code/resources/app/extensions/node_modules/typescript/lib/tsserver.js:117580:37)
    at IOSession.Session.getSignatureHelpItems (/usr/share/code/resources/app/extensions/node_modules/typescript/lib/tsserver.js:125403:62)
    at Session.handlers.ts.createMapFromTemplate._a.(anonymous function) (/usr/share/code/resources/app/extensions/node_modules/typescript/lib/tsserver.js:124358:61)
    at /usr/share/code/resources/app/extensions/node_modules/typescript/lib/tsserver.js:125824:88
    at IOSession.Session.executeWithRequestId (/usr/share/code/resources/app/extensions/node_modules/typescript/lib/tsserver.js:125815:28)
    at IOSession.Session.executeCommand (/usr/share/code/resources/app/extensions/node_modules/typescript/lib/tsserver.js:125824:33)
    at IOSession.Session.onMessage (/usr/share/code/resources/app/extensions/node_modules/typescript/lib/tsserver.js:125846:35)
    at Interface.<anonymous> (/usr/share/code/resources/app/extensions/node_modules/typescript/lib/tsserver.js:127106:27)
    at emitOne (events.js:116:13)
    at Interface.emit (events.js:211:7)
    at Interface._onLine (readline.js:282:10)
    at Interface._normalWrite (readline.js:424:12)
    at Socket.ondata (readline.js:141:10)
    at emitOne (events.js:116:13)
    at Socket.emit (events.js:211:7)
    at addChunk (_stream_readable.js:263:12)
    at readableAddChunk (_stream_readable.js:250:11)
    at Socket.Readable.push (_stream_readable.js:208:10)
    at Pipe.onread (net.js:594:20)
[Error  - 4:23:50 PM] 'signatureHelp' request failed with error.
Error processing request. Cannot read property 'pos' of undefined
TypeError: Cannot read property 'pos' of undefined
    at Object.rangeContainsRange (/usr/share/code/resources/app/extensions/node_modules/typescript/lib/tsserver.js:92876:41)
    at _loop_6 (/usr/share/code/resources/app/extensions/node_modules/typescript/lib/tsserver.js:103739:36)
    at getContainingArgumentInfo (/usr/share/code/resources/app/extensions/node_modules/typescript/lib/tsserver.js:103746:31)
    at Object.getSignatureHelpItems (/usr/share/code/resources/app/extensions/node_modules/typescript/lib/tsserver.js:103361:32)
    at Object.getSignatureHelpItems (/usr/share/code/resources/app/extensions/node_modules/typescript/lib/tsserver.js:117580:37)
    at IOSession.Session.getSignatureHelpItems (/usr/share/code/resources/app/extensions/node_modules/typescript/lib/tsserver.js:125403:62)
    at Session.handlers.ts.createMapFromTemplate._a.(anonymous function) (/usr/share/code/resources/app/extensions/node_modules/typescript/lib/tsserver.js:124358:61)
    at /usr/share/code/resources/app/extensions/node_modules/typescript/lib/tsserver.js:125824:88
    at IOSession.Session.executeWithRequestId (/usr/share/code/resources/app/extensions/node_modules/typescript/lib/tsserver.js:125815:28)
    at IOSession.Session.executeCommand (/usr/share/code/resources/app/extensions/node_modules/typescript/lib/tsserver.js:125824:33)
    at IOSession.Session.onMessage (/usr/share/code/resources/app/extensions/node_modules/typescript/lib/tsserver.js:125846:35)
    at Interface.<anonymous> (/usr/share/code/resources/app/extensions/node_modules/typescript/lib/tsserver.js:127106:27)
    at emitOne (events.js:116:13)
    at Interface.emit (events.js:211:7)
    at Interface._onLine (readline.js:282:10)
    at Interface._normalWrite (readline.js:424:12)
    at Socket.ondata (readline.js:141:10)
    at emitOne (events.js:116:13)
    at Socket.emit (events.js:211:7)
    at addChunk (_stream_readable.js:263:12)
    at readableAddChunk (_stream_readable.js:250:11)
    at Socket.Readable.push (_stream_readable.js:208:10)
    at Pipe.onread (net.js:594:20)
