[2019-02-05 15:32:13.213] [exthost] [info] extension host started
[2019-02-05 15:32:13.220] [exthost] [info] ExtensionService#_doActivateExtension vscode.debug-auto-launch {"startup":true,"activationEvent":"*"}
[2019-02-05 15:32:13.221] [exthost] [info] ExtensionService#loadCommonJSModule /usr/share/code/resources/app/extensions/debug-auto-launch/dist/extension
[2019-02-05 15:32:13.223] [exthost] [info] ExtensionService#_doActivateExtension vscode.emmet {"startup":true,"activationEvent":"*"}
[2019-02-05 15:32:13.223] [exthost] [info] ExtensionService#loadCommonJSModule /usr/share/code/resources/app/extensions/emmet/dist/extension
[2019-02-05 15:32:13.238] [exthost] [info] ExtensionService#_doActivateExtension vscode.git {"startup":true,"activationEvent":"*"}
[2019-02-05 15:32:13.238] [exthost] [info] ExtensionService#loadCommonJSModule /usr/share/code/resources/app/extensions/git/dist/main
[2019-02-05 15:32:13.308] [exthost] [info] ExtensionService#_doActivateExtension vscode.merge-conflict {"startup":true,"activationEvent":"*"}
[2019-02-05 15:32:13.308] [exthost] [info] ExtensionService#loadCommonJSModule /usr/share/code/resources/app/extensions/merge-conflict/dist/extension
[2019-02-05 15:32:13.312] [exthost] [info] eager extensions activated
[2019-02-05 15:41:19.900] [exthost] [info] extension host started
[2019-02-05 15:41:19.907] [exthost] [info] ExtensionService#_doActivateExtension vscode.debug-auto-launch {"startup":true,"activationEvent":"*"}
[2019-02-05 15:41:19.907] [exthost] [info] ExtensionService#loadCommonJSModule /usr/share/code/resources/app/extensions/debug-auto-launch/dist/extension
[2019-02-05 15:41:19.910] [exthost] [info] ExtensionService#_doActivateExtension vscode.emmet {"startup":true,"activationEvent":"*"}
[2019-02-05 15:41:19.910] [exthost] [info] ExtensionService#loadCommonJSModule /usr/share/code/resources/app/extensions/emmet/dist/extension
[2019-02-05 15:41:19.923] [exthost] [info] ExtensionService#_doActivateExtension vscode.git {"startup":true,"activationEvent":"*"}
[2019-02-05 15:41:19.923] [exthost] [info] ExtensionService#loadCommonJSModule /usr/share/code/resources/app/extensions/git/dist/main
[2019-02-05 15:41:19.988] [exthost] [info] ExtensionService#_doActivateExtension vscode.merge-conflict {"startup":true,"activationEvent":"*"}
[2019-02-05 15:41:19.988] [exthost] [info] ExtensionService#loadCommonJSModule /usr/share/code/resources/app/extensions/merge-conflict/dist/extension
[2019-02-05 15:41:19.992] [exthost] [info] eager extensions activated
[2019-02-05 15:41:27.913] [exthost] [info] ExtensionService#_doActivateExtension vscode.typescript-language-features {"startup":false,"activationEvent":"onLanguage:javascriptreact"}
[2019-02-05 15:41:27.913] [exthost] [info] ExtensionService#loadCommonJSModule /usr/share/code/resources/app/extensions/typescript-language-features/dist/extension
[2019-02-05 15:51:42.193] [exthost] [info] ExtensionService#_doActivateExtension vscode.extension-editing {"startup":false,"activationEvent":"onLanguage:typescript"}
[2019-02-05 15:51:42.193] [exthost] [info] ExtensionService#loadCommonJSModule /usr/share/code/resources/app/extensions/extension-editing/dist/extension
[2019-02-05 16:09:59.195] [exthost] [error] [vscode.typescript-language-features] provider FAILED
[2019-02-05 16:09:59.195] [exthost] [error] TypeError: Cannot read property 'displayParts' of undefined
	at w.resolveCompletionItem (/usr/share/code/resources/app/extensions/typescript-language-features/dist/extension.js:1:99172)
	at <anonymous>
[2019-02-05 16:10:00.467] [exthost] [error] [vscode.typescript-language-features] provider FAILED
[2019-02-05 16:10:00.467] [exthost] [error] TypeError: Cannot read property 'displayParts' of undefined
	at w.resolveCompletionItem (/usr/share/code/resources/app/extensions/typescript-language-features/dist/extension.js:1:99172)
	at <anonymous>
[2019-02-05 16:10:00.560] [exthost] [error] [vscode.typescript-language-features] provider FAILED
[2019-02-05 16:10:00.560] [exthost] [error] TypeError: Cannot read property 'displayParts' of undefined
	at w.resolveCompletionItem (/usr/share/code/resources/app/extensions/typescript-language-features/dist/extension.js:1:99172)
	at <anonymous>
[2019-02-05 16:12:05.336] [exthost] [error] [vscode.typescript-language-features] provider FAILED
[2019-02-05 16:12:05.336] [exthost] [error] TypeError: Cannot read property 'displayParts' of undefined
	at w.resolveCompletionItem (/usr/share/code/resources/app/extensions/typescript-language-features/dist/extension.js:1:99172)
	at <anonymous>
[2019-02-05 16:13:21.603] [exthost] [error] [vscode.typescript-language-features] provider FAILED
[2019-02-05 16:13:21.603] [exthost] [error] TypeError: Cannot read property 'displayParts' of undefined
	at w.resolveCompletionItem (/usr/share/code/resources/app/extensions/typescript-language-features/dist/extension.js:1:99172)
	at <anonymous>
[2019-02-05 16:13:40.741] [exthost] [error] [vscode.typescript-language-features] provider FAILED
[2019-02-05 16:13:40.742] [exthost] [error] TypeError: Cannot read property 'displayParts' of undefined
	at w.resolveCompletionItem (/usr/share/code/resources/app/extensions/typescript-language-features/dist/extension.js:1:99172)
	at <anonymous>
[2019-02-05 16:13:45.770] [exthost] [error] [vscode.typescript-language-features] provider FAILED
[2019-02-05 16:13:45.770] [exthost] [error] TypeError: Cannot read property 'displayParts' of undefined
	at w.resolveCompletionItem (/usr/share/code/resources/app/extensions/typescript-language-features/dist/extension.js:1:99172)
	at <anonymous>
[2019-02-05 16:14:05.693] [exthost] [error] [vscode.typescript-language-features] provider FAILED
[2019-02-05 16:14:05.693] [exthost] [error] TypeError: Cannot read property 'displayParts' of undefined
	at w.resolveCompletionItem (/usr/share/code/resources/app/extensions/typescript-language-features/dist/extension.js:1:99172)
	at <anonymous>
[2019-02-05 16:19:24.534] [exthost] [error] [vscode.typescript-language-features] provider FAILED
[2019-02-05 16:19:24.534] [exthost] [error] TypeError: Cannot read property 'displayParts' of undefined
	at w.resolveCompletionItem (/usr/share/code/resources/app/extensions/typescript-language-features/dist/extension.js:1:99172)
	at <anonymous>
[2019-02-05 16:19:43.927] [exthost] [error] [vscode.typescript-language-features] provider FAILED
[2019-02-05 16:19:43.927] [exthost] [error] TypeError: Cannot read property 'displayParts' of undefined
	at w.resolveCompletionItem (/usr/share/code/resources/app/extensions/typescript-language-features/dist/extension.js:1:99172)
	at <anonymous>
[2019-02-05 16:19:44.036] [exthost] [error] [vscode.typescript-language-features] provider FAILED
[2019-02-05 16:19:44.036] [exthost] [error] TypeError: Cannot read property 'displayParts' of undefined
	at w.resolveCompletionItem (/usr/share/code/resources/app/extensions/typescript-language-features/dist/extension.js:1:99172)
	at <anonymous>
[2019-02-05 16:22:51.050] [exthost] [error] [vscode.typescript-language-features] provider FAILED
[2019-02-05 16:22:51.050] [exthost] [error] TypeError: Cannot read property 'displayParts' of undefined
	at w.resolveCompletionItem (/usr/share/code/resources/app/extensions/typescript-language-features/dist/extension.js:1:99172)
	at <anonymous>
[2019-02-05 16:22:51.677] [exthost] [error] [vscode.typescript-language-features] provider FAILED
[2019-02-05 16:22:51.677] [exthost] [error] TypeError: Cannot read property 'displayParts' of undefined
	at w.resolveCompletionItem (/usr/share/code/resources/app/extensions/typescript-language-features/dist/extension.js:1:99172)
	at <anonymous>
[2019-02-05 16:23:14.728] [exthost] [error] [vscode.typescript-language-features] provider FAILED
[2019-02-05 16:23:14.728] [exthost] [error] TypeError: Cannot read property 'displayParts' of undefined
	at w.resolveCompletionItem (/usr/share/code/resources/app/extensions/typescript-language-features/dist/extension.js:1:99172)
	at <anonymous>
[2019-02-05 16:23:19.382] [exthost] [error] [vscode.typescript-language-features] provider FAILED
[2019-02-05 16:23:19.382] [exthost] [error] TypeError: Cannot read property 'displayParts' of undefined
	at w.resolveCompletionItem (/usr/share/code/resources/app/extensions/typescript-language-features/dist/extension.js:1:99172)
	at <anonymous>
[2019-02-05 16:23:36.546] [exthost] [error] [vscode.typescript-language-features] provider FAILED
[2019-02-05 16:23:36.546] [exthost] [error] {"seq":0,"type":"response","command":"signatureHelp","request_seq":1714,"success":false,"message":"Error processing request. Cannot read property 'pos' of undefined\nTypeError: Cannot read property 'pos' of undefined\n    at Object.rangeContainsRange (/usr/share/code/resources/app/extensions/node_modules/typescript/lib/tsserver.js:92876:41)\n    at _loop_6 (/usr/share/code/resources/app/extensions/node_modules/typescript/lib/tsserver.js:103739:36)\n    at getContainingArgumentInfo (/usr/share/code/resources/app/extensions/node_modules/typescript/lib/tsserver.js:103746:31)\n    at Object.getSignatureHelpItems (/usr/share/code/resources/app/extensions/node_modules/typescript/lib/tsserver.js:103361:32)\n    at Object.getSignatureHelpItems (/usr/share/code/resources/app/extensions/node_modules/typescript/lib/tsserver.js:117580:37)\n    at IOSession.Session.getSignatureHelpItems (/usr/share/code/resources/app/extensions/node_modules/typescript/lib/tsserver.js:125403:62)\n    at Session.handlers.ts.createMapFromTemplate._a.(anonymous function) (/usr/share/code/resources/app/extensions/node_modules/typescript/lib/tsserver.js:124358:61)\n    at /usr/share/code/resources/app/extensions/node_modules/typescript/lib/tsserver.js:125824:88\n    at IOSession.Session.executeWithRequestId (/usr/share/code/resources/app/extensions/node_modules/typescript/lib/tsserver.js:125815:28)\n    at IOSession.Session.executeCommand (/usr/share/code/resources/app/extensions/node_modules/typescript/lib/tsserver.js:125824:33)\n    at IOSession.Session.onMessage (/usr/share/code/resources/app/extensions/node_modules/typescript/lib/tsserver.js:125846:35)\n    at Interface.<anonymous> (/usr/share/code/resources/app/extensions/node_modules/typescript/lib/tsserver.js:127106:27)\n    at emitOne (events.js:116:13)\n    at Interface.emit (events.js:211:7)\n    at Interface._onLine (readline.js:282:10)\n    at Interface._normalWrite (readline.js:424:12)\n    at Socket.ondata (readline.js:141:10)\n    at emitOne (events.js:116:13)\n    at Socket.emit (events.js:211:7)\n    at addChunk (_stream_readable.js:263:12)\n    at readableAddChunk (_stream_readable.js:250:11)\n    at Socket.Readable.push (_stream_readable.js:208:10)\n    at Pipe.onread (net.js:594:20)"}
[2019-02-05 16:23:36.627] [exthost] [error] [vscode.typescript-language-features] provider FAILED
[2019-02-05 16:23:36.627] [exthost] [error] TypeError: Cannot read property 'displayParts' of undefined
	at w.resolveCompletionItem (/usr/share/code/resources/app/extensions/typescript-language-features/dist/extension.js:1:99172)
	at <anonymous>
[2019-02-05 16:23:50.178] [exthost] [error] [vscode.typescript-language-features] provider FAILED
[2019-02-05 16:23:50.178] [exthost] [error] {"seq":0,"type":"response","command":"signatureHelp","request_seq":1776,"success":false,"message":"Error processing request. Cannot read property 'pos' of undefined\nTypeError: Cannot read property 'pos' of undefined\n    at Object.rangeContainsRange (/usr/share/code/resources/app/extensions/node_modules/typescript/lib/tsserver.js:92876:41)\n    at _loop_6 (/usr/share/code/resources/app/extensions/node_modules/typescript/lib/tsserver.js:103739:36)\n    at getContainingArgumentInfo (/usr/share/code/resources/app/extensions/node_modules/typescript/lib/tsserver.js:103746:31)\n    at Object.getSignatureHelpItems (/usr/share/code/resources/app/extensions/node_modules/typescript/lib/tsserver.js:103361:32)\n    at Object.getSignatureHelpItems (/usr/share/code/resources/app/extensions/node_modules/typescript/lib/tsserver.js:117580:37)\n    at IOSession.Session.getSignatureHelpItems (/usr/share/code/resources/app/extensions/node_modules/typescript/lib/tsserver.js:125403:62)\n    at Session.handlers.ts.createMapFromTemplate._a.(anonymous function) (/usr/share/code/resources/app/extensions/node_modules/typescript/lib/tsserver.js:124358:61)\n    at /usr/share/code/resources/app/extensions/node_modules/typescript/lib/tsserver.js:125824:88\n    at IOSession.Session.executeWithRequestId (/usr/share/code/resources/app/extensions/node_modules/typescript/lib/tsserver.js:125815:28)\n    at IOSession.Session.executeCommand (/usr/share/code/resources/app/extensions/node_modules/typescript/lib/tsserver.js:125824:33)\n    at IOSession.Session.onMessage (/usr/share/code/resources/app/extensions/node_modules/typescript/lib/tsserver.js:125846:35)\n    at Interface.<anonymous> (/usr/share/code/resources/app/extensions/node_modules/typescript/lib/tsserver.js:127106:27)\n    at emitOne (events.js:116:13)\n    at Interface.emit (events.js:211:7)\n    at Interface._onLine (readline.js:282:10)\n    at Interface._normalWrite (readline.js:424:12)\n    at Socket.ondata (readline.js:141:10)\n    at emitOne (events.js:116:13)\n    at Socket.emit (events.js:211:7)\n    at addChunk (_stream_readable.js:263:12)\n    at readableAddChunk (_stream_readable.js:250:11)\n    at Socket.Readable.push (_stream_readable.js:208:10)\n    at Pipe.onread (net.js:594:20)"}
[2019-02-05 16:23:50.365] [exthost] [error] [vscode.typescript-language-features] provider FAILED
[2019-02-05 16:23:50.365] [exthost] [error] TypeError: Cannot read property 'displayParts' of undefined
	at w.resolveCompletionItem (/usr/share/code/resources/app/extensions/typescript-language-features/dist/extension.js:1:99172)
	at <anonymous>
